*** Using Compiler 'V5.06 update 7 (build 960)', folder: 'C:\Keil_v5\ARM\ARMCC\Bin'
Build target 'F407ZET'
compiling inv_mpu_dmp_motion_driver.c...
"no source": Error:  #5: cannot open source input file "..\Drivers\BSP\MPU6050\eMPL\inv_mpu_dmp_motion_driver.c": No such file or directory
..\Drivers\BSP\MPU6050\eMPL\inv_mpu_dmp_motion_driver.c: 0 warnings, 1 error
compiling inv_mpu.c...
"no source": Error:  #5: cannot open source input file "..\Drivers\BSP\MPU6050\eMPL\inv_mpu.c": No such file or directory
..\Drivers\BSP\MPU6050\eMPL\inv_mpu.c: 0 warnings, 1 error
compiling mpu6050.c...
..\Drivers\BSP\MPU6050\mpu6050.c(143): error:  #167: argument of type "int" is incompatible with parameter of type "uint8_t *"
  	p_MPUDev->MPU_Read(p_MPUDev,MPU_ADDR,MPU_GYRO_XOUTH_REG,6,*buf);
..\Drivers\BSP\MPU6050\mpu6050.c(143): error:  #140: too many arguments in function call
  	p_MPUDev->MPU_Read(p_MPUDev,MPU_ADDR,MPU_GYRO_XOUTH_REG,6,*buf);
..\Drivers\BSP\MPU6050\mpu6050.c(145): warning:  #940-D: missing return statement at end of non-void function "MPU_Get_Gyroscope" 
  }
..\Drivers\BSP\MPU6050\mpu6050.c(142): warning:  #177-D: variable "data"  was declared but never referenced
  	uint8_t buf[6],data;
..\Drivers\BSP\MPU6050\mpu6050.c(159): warning:  #940-D: missing return statement at end of non-void function "MPU_Get_Accelerometer" 
  }
..\Drivers\BSP\MPU6050\mpu6050.c(172): error:  #165: too few arguments in function call
  	p_MPUDev->IIC_Device->IIC_WriteRegByte(p_MPUDev->IIC_Device, MPU_ADDR, WriteAddr);
..\Drivers\BSP\MPU6050\mpu6050.c(216): error:  #167: argument of type "uint8_t *" is incompatible with parameter of type "uint8_t"
  	p_MPUDev->IIC_Device->IIC_ReadReg(p_MPUDev->IIC_Device, MPU_ADDR, ReadAddr, pBuffer, len);
..\Drivers\BSP\MPU6050\mpu6050.c(216): error:  #167: argument of type "uint16_t" is incompatible with parameter of type "uint8_t *"
  	p_MPUDev->IIC_Device->IIC_ReadReg(p_MPUDev->IIC_Device, MPU_ADDR, ReadAddr, pBuffer, len);
..\Drivers\BSP\MPU6050\mpu6050.c(12): warning:  #177-D: function "mpu6050_Init"  was declared but never referenced
  static uint8_t mpu6050_Init(struct MPU_Device *p_MPUDev)
..\Drivers\BSP\MPU6050\mpu6050.c: 4 warnings, 5 errors
"F407ZET\F407ZET.axf" - 7 Error(s), 4 Warning(s).
Target not created.
Build Time Elapsed:  00:00:02
